# JRE version: OpenJDK Runtime Environment Temurin-17.0.10+7 (17.0.10+7) (build 17.0.10+7)
# Java VM: OpenJDK 64-Bit Server VM Temurin-17.0.10+7 (17.0.10+7, mixed mode, emulated-client, tiered, compressed oops, compressed class ptrs, g1 gc, windows-amd64)
GC Precious Log:
 CPUs: 4 total, 4 available
 Memory: 8082M
 Large Page Support: Disabled
 NUMA Support: Disabled
 Compressed Oops: Enabled (32-bit)
 Heap Region Size: 1M
 Heap Min Capacity: 8M
 Heap Initial Capacity: 128M
 Heap Max Capacity: 2022M
 Pre-touch: Disabled
 Parallel Workers: 4
 Concurrent Workers: 1
 Concurrent Refinement Workers: 4
 Periodic GC: Disabled
Heap:
 garbage-first heap   total 68608K, used 38451K [0x0000000081a00000, 0x0000000100000000)
  region size 1024K, 9 young (9216K), 2 survivors (2048K)
 Metaspace       used 79386K, committed 80000K, reserved 1179648K
  class space    used 10893K, committed 11200K, reserved 1048576K
GC Heap History (20 events):
Event: 3.663 GC heap before
{Heap before GC invocations=7 (full 0):
 garbage-first heap   total 45056K, used 28390K [0x0000000081a00000, 0x0000000100000000)
  region size 1024K, 18 young (18432K), 3 survivors (3072K)
 Metaspace       used 30549K, committed 30848K, reserved 1114112K
  class space    used 3744K, committed 3904K, reserved 1048576K
}
Event: 3.672 GC heap after
{Heap after GC invocations=8 (full 0):
 garbage-first heap   total 71680K, used 15164K [0x0000000081a00000, 0x0000000100000000)
  region size 1024K, 2 young (2048K), 2 survivors (2048K)
 Metaspace       used 30549K, committed 30848K, reserved 1114112K
  class space    used 3744K, committed 3904K, reserved 1048576K
}
Event: 4.930 GC heap before
{Heap before GC invocations=8 (full 0):
 garbage-first heap   total 71680K, used 48956K [0x0000000081a00000, 0x0000000100000000)
  region size 1024K, 35 young (35840K), 2 survivors (2048K)
 Metaspace       used 35605K, committed 36096K, reserved 1114112K
  class space    used 4581K, committed 4800K, reserved 1048576K
}
Event: 4.943 GC heap after
{Heap after GC invocations=9 (full 0):
 garbage-first heap   total 71680K, used 18115K [0x0000000081a00000, 0x0000000100000000)
  region size 1024K, 5 young (5120K), 5 survivors (5120K)
 Metaspace       used 35605K, committed 36096K, reserved 1114112K
  class space    used 4581K, committed 4800K, reserved 1048576K
}
Event: 4.960 GC heap before
{Heap before GC invocations=9 (full 0):
 garbage-first heap   total 71680K, used 18115K [0x0000000081a00000, 0x0000000100000000)
  region size 1024K, 6 young (6144K), 5 survivors (5120K)
 Metaspace       used 35779K, committed 36160K, reserved 1114112K
  class space    used 4598K, committed 4800K, reserved 1048576K
}
Event: 4.970 GC heap after
{Heap after GC invocations=10 (full 0):
 garbage-first heap   total 71680K, used 18746K [0x0000000081a00000, 0x0000000100000000)
  region size 1024K, 1 young (1024K), 1 survivors (1024K)
 Metaspace       used 35779K, committed 36160K, reserved 1114112K
  class space    used 4598K, committed 4800K, reserved 1048576K
}
Event: 6.162 GC heap before
{Heap before GC invocations=11 (full 0):
 garbage-first heap   total 68608K, used 52538K [0x0000000081a00000, 0x0000000100000000)
  region size 1024K, 34 young (34816K), 1 survivors (1024K)
 Metaspace       used 42523K, committed 42944K, reserved 1114112K
  class space    used 5529K, committed 5696K, reserved 1048576K
}
Event: 6.166 GC heap after
{Heap after GC invocations=12 (full 0):
 garbage-first heap   total 68608K, used 20181K [0x0000000081a00000, 0x0000000100000000)
  region size 1024K, 3 young (3072K), 3 survivors (3072K)
 Metaspace       used 42523K, committed 42944K, reserved 1114112K
  class space    used 5529K, committed 5696K, reserved 1048576K
}
Event: 7.207 GC heap before
{Heap before GC invocations=12 (full 0):
 garbage-first heap   total 68608K, used 50901K [0x0000000081a00000, 0x0000000100000000)
  region size 1024K, 33 young (33792K), 3 survivors (3072K)
 Metaspace       used 52575K, committed 53120K, reserved 1114112K
  class space    used 6889K, committed 7168K, reserved 1048576K
}
Event: 7.214 GC heap after
{Heap after GC invocations=13 (full 0):
 garbage-first heap   total 68608K, used 22748K [0x0000000081a00000, 0x0000000100000000)
  region size 1024K, 5 young (5120K), 5 survivors (5120K)
 Metaspace       used 52575K, committed 53120K, reserved 1114112K
  class space    used 6889K, committed 7168K, reserved 1048576K
}
Event: 8.096 GC heap before
{Heap before GC invocations=13 (full 0):
 garbage-first heap   total 68608K, used 50396K [0x0000000081a00000, 0x0000000100000000)
  region size 1024K, 34 young (34816K), 5 survivors (5120K)
 Metaspace       used 60172K, committed 60736K, reserved 1114112K
  class space    used 7953K, committed 8192K, reserved 1048576K
}
Event: 8.106 GC heap after
{Heap after GC invocations=14 (full 0):
 garbage-first heap   total 68608K, used 24663K [0x0000000081a00000, 0x0000000100000000)
  region size 1024K, 5 young (5120K), 5 survivors (5120K)
 Metaspace       used 60172K, committed 60736K, reserved 1114112K
  class space    used 7953K, committed 8192K, reserved 1048576K
}
Event: 9.067 GC heap before
{Heap before GC invocations=15 (full 0):
 garbage-first heap   total 68608K, used 53335K [0x0000000081a00000, 0x0000000100000000)
  region size 1024K, 33 young (33792K), 5 survivors (5120K)
 Metaspace       used 65896K, committed 66432K, reserved 1114112K
  class space    used 8943K, committed 9216K, reserved 1048576K
}
Event: 9.077 GC heap after
{Heap after GC invocations=16 (full 0):
 garbage-first heap   total 68608K, used 26183K [0x0000000081a00000, 0x0000000100000000)
  region size 1024K, 4 young (4096K), 4 survivors (4096K)
 Metaspace       used 65896K, committed 66432K, reserved 1114112K
  class space    used 8943K, committed 9216K, reserved 1048576K
}
Event: 10.071 GC heap before
{Heap before GC invocations=17 (full 0):
 garbage-first heap   total 68608K, used 53831K [0x0000000081a00000, 0x0000000100000000)
  region size 1024K, 31 young (31744K), 4 survivors (4096K)
 Metaspace       used 70607K, committed 71232K, reserved 1114112K
  class space    used 9641K, committed 9920K, reserved 1048576K
}
Event: 10.080 GC heap after
{Heap after GC invocations=18 (full 0):
 garbage-first heap   total 68608K, used 28283K [0x0000000081a00000, 0x0000000100000000)
  region size 1024K, 4 young (4096K), 4 survivors (4096K)
 Metaspace       used 70607K, committed 71232K, reserved 1114112K
  class space    used 9641K, committed 9920K, reserved 1048576K
}
Event: 150.597 GC heap before
{Heap before GC invocations=18 (full 0):
 garbage-first heap   total 68608K, used 52859K [0x0000000081a00000, 0x0000000100000000)
  region size 1024K, 29 young (29696K), 4 survivors (4096K)
 Metaspace       used 73998K, committed 74624K, reserved 1114112K
  class space    used 10125K, committed 10432K, reserved 1048576K
}
Event: 150.606 GC heap after
{Heap after GC invocations=19 (full 0):
 garbage-first heap   total 68608K, used 30815K [0x0000000081a00000, 0x0000000100000000)
  region size 1024K, 3 young (3072K), 3 survivors (3072K)
 Metaspace       used 73998K, committed 74624K, reserved 1114112K
  class space    used 10125K, committed 10432K, reserved 1048576K
}
Event: 1799.349 GC heap before
{Heap before GC invocations=19 (full 0):
 garbage-first heap   total 68608K, used 53343K [0x0000000081a00000, 0x0000000100000000)
  region size 1024K, 26 young (26624K), 3 survivors (3072K)
 Metaspace       used 79272K, committed 79936K, reserved 1179648K
  class space    used 10876K, committed 11200K, reserved 1048576K
}
Event: 1799.360 GC heap after
{Heap after GC invocations=20 (full 0):
 garbage-first heap   total 68608K, used 32307K [0x0000000081a00000, 0x0000000100000000)
  region size 1024K, 2 young (2048K), 2 survivors (2048K)
 Metaspace       used 79272K, committed 79936K, reserved 1179648K
  class space    used 10876K, committed 11200K, reserved 1048576K
}

