<?xml version="1.0" encoding="UTF-8"?>
<testsuite name="com.tblmonitoring.tblmonitor.TblMonitorApplicationTests" tests="1" skipped="0" failures="0" errors="0" timestamp="2025-11-16T08:26:56.841Z" hostname="DESKTOP-VR3HSA4" time="0.577">
  <properties/>
  <testcase name="contextLoads()" classname="com.tblmonitoring.tblmonitor.TblMonitorApplicationTests" time="0.577"/>
  <system-out><![CDATA[Standard Commons Logging discovery in action with spring-jcl: please remove commons-logging.jar from classpath in order to avoid potential conflicts
13:56:47.329 [Test worker] INFO org.springframework.test.context.support.AnnotationConfigContextLoaderUtils -- Could not detect default configuration classes for test class [com.tblmonitoring.tblmonitor.TblMonitorApplicationTests]: TblMonitorApplicationTests does not declare any static, non-private, non-final, nested classes annotated with @Configuration.
13:56:47.535 [Test worker] INFO org.springframework.boot.test.context.SpringBootTestContextBootstrapper -- Found @SpringBootConfiguration com.tblmonitoring.tblmonitor.TblMonitorApplication for test class com.tblmonitoring.tblmonitor.TblMonitorApplicationTests

  .   ____          _            __ _ _
 /\\ / ___'_ __ _ _(_)_ __  __ _ \ \ \ \
( ( )\___ | '_ | '_| | '_ \/ _` | \ \ \ \
 \\/  ___)| |_)| | | | | || (_| |  ) ) ) )
  '  |____| .__|_| |_|_| |_\__, | / / / /
 =========|_|==============|___/=/_/_/_/

 :: Spring Boot ::                (v3.4.5)

2025-11-16T13:56:48.059+05:30  INFO 33176 --- [TBL Monitor] [    Test worker] c.t.t.TblMonitorApplicationTests         : Starting TblMonitorApplicationTests using Java 17.0.15 with PID 33176 (started by Admin in C:\Users\Admin\git\repository\tblmonitor)
2025-11-16T13:56:48.062+05:30  INFO 33176 --- [TBL Monitor] [    Test worker] c.t.t.TblMonitorApplicationTests         : No active profile set, falling back to 1 default profile: "default"
2025-11-16T13:56:49.081+05:30  INFO 33176 --- [TBL Monitor] [    Test worker] .s.d.r.c.RepositoryConfigurationDelegate : Bootstrapping Spring Data JPA repositories in DEFAULT mode.
2025-11-16T13:56:49.284+05:30  INFO 33176 --- [TBL Monitor] [    Test worker] .s.d.r.c.RepositoryConfigurationDelegate : Finished Spring Data repository scanning in 183 ms. Found 22 JPA repository interfaces.
2025-11-16T13:56:50.089+05:30  INFO 33176 --- [TBL Monitor] [    Test worker] o.hibernate.jpa.internal.util.LogHelper  : HHH000204: Processing PersistenceUnitInfo [name: default]
2025-11-16T13:56:50.163+05:30  INFO 33176 --- [TBL Monitor] [    Test worker] org.hibernate.Version                    : HHH000412: Hibernate ORM core version 6.6.13.Final
2025-11-16T13:56:50.195+05:30  INFO 33176 --- [TBL Monitor] [    Test worker] o.h.c.internal.RegionFactoryInitiator    : HHH000026: Second-level cache disabled
2025-11-16T13:56:50.639+05:30  INFO 33176 --- [TBL Monitor] [    Test worker] o.s.o.j.p.SpringPersistenceUnitInfo      : No LoadTimeWeaver setup: ignoring JPA class transformer
2025-11-16T13:56:50.679+05:30  INFO 33176 --- [TBL Monitor] [    Test worker] com.zaxxer.hikari.HikariDataSource       : HikariPool-1 - Starting...
2025-11-16T13:56:51.173+05:30  INFO 33176 --- [TBL Monitor] [    Test worker] com.zaxxer.hikari.pool.HikariPool        : HikariPool-1 - Added connection com.mysql.cj.jdbc.ConnectionImpl@14993306
2025-11-16T13:56:51.178+05:30  INFO 33176 --- [TBL Monitor] [    Test worker] com.zaxxer.hikari.HikariDataSource       : HikariPool-1 - Start completed.
2025-11-16T13:56:51.253+05:30  WARN 33176 --- [TBL Monitor] [    Test worker] org.hibernate.orm.deprecation            : HHH90000025: MySQL8Dialect does not need to be specified explicitly using 'hibernate.dialect' (remove the property setting and it will be selected by default)
2025-11-16T13:56:51.254+05:30  WARN 33176 --- [TBL Monitor] [    Test worker] org.hibernate.orm.deprecation            : HHH90000026: MySQL8Dialect has been deprecated; use org.hibernate.dialect.MySQLDialect instead
2025-11-16T13:56:51.280+05:30  INFO 33176 --- [TBL Monitor] [    Test worker] org.hibernate.orm.connections.pooling    : HHH10001005: Database info:
	Database JDBC URL [Connecting through datasource 'HikariDataSource (HikariPool-1)']
	Database driver: undefined/unknown
	Database version: 8.0
	Autocommit mode: undefined/unknown
	Isolation level: undefined/unknown
	Minimum pool size: undefined/unknown
	Maximum pool size: undefined/unknown
2025-11-16T13:56:52.959+05:30  INFO 33176 --- [TBL Monitor] [    Test worker] o.h.e.t.j.p.i.JtaPlatformInitiator       : HHH000489: No JTA platform available (set 'hibernate.transaction.jta.platform' to enable JTA platform integration)
2025-11-16T13:56:53.226+05:30  INFO 33176 --- [TBL Monitor] [    Test worker] j.LocalContainerEntityManagerFactoryBean : Initialized JPA EntityManagerFactory for persistence unit 'default'
2025-11-16T13:56:53.717+05:30  INFO 33176 --- [TBL Monitor] [    Test worker] o.s.d.j.r.query.QueryEnhancerFactory     : Hibernate is in classpath; If applicable, HQL parser will be used.
2025-11-16T13:56:55.625+05:30  WARN 33176 --- [TBL Monitor] [    Test worker] JpaBaseConfiguration$JpaWebConfiguration : spring.jpa.open-in-view is enabled by default. Therefore, database queries may be performed during view rendering. Explicitly configure spring.jpa.open-in-view to disable this warning
2025-11-16T13:56:55.681+05:30  WARN 33176 --- [TBL Monitor] [    Test worker] .s.s.UserDetailsServiceAutoConfiguration : 

Using generated security password: 521e15f6-878b-4969-8350-2314a2eac660

This generated password is for development use only. Your security configuration must be updated before running your application in production.

2025-11-16T13:56:55.695+05:30  INFO 33176 --- [TBL Monitor] [    Test worker] r$InitializeUserDetailsManagerConfigurer : Global AuthenticationManager configured with UserDetailsService bean with name inMemoryUserDetailsManager
2025-11-16T13:56:56.812+05:30  INFO 33176 --- [TBL Monitor] [    Test worker] c.t.t.TblMonitorApplicationTests         : Started TblMonitorApplicationTests in 9.081 seconds (process running for 10.99)
]]></system-out>
  <system-err><![CDATA[]]></system-err>
</testsuite>
